Using pre-set license
Built from '2020.3/staging' branch; Version is '2020.3.16f1 (049d6eca3c44) revision 302446'; Using compiler version '192528614'; Build Type 'Release'
OS: 'Windows 10 Enterprise; OS build 19042.1165; Version 2009; 64bit' Language: 'en' Physical Memory: 32669 MB
BatchMode: 1, IsHumanControllingUs: 0, StartBugReporterOnCrash: 0, Is64bit: 1, IsPro: 0

 COMMAND LINE ARGUMENTS:
D:\Program Files\Unity\2020.3.16f1\Editor\Unity.exe
-adb2
-batchMode
-noUpm
-name
AssetImportWorker0
-projectPath
D:/Students/Samantha Parton/GitHub/Maze-Update/Maze
-logFile
Logs/AssetImportWorker0.log
-srvPort
60598
Successfully changed project path to: D:/Students/Samantha Parton/GitHub/Maze-Update/Maze
D:/Students/Samantha Parton/GitHub/Maze-Update/Maze
Using Asset Import Pipeline V2.
Refreshing native plugins compatible for Editor in 131.56 ms, found 3 plugins.
Preloading 0 native plugins for Editor in 0.00 ms.
Initialize engine version: 2020.3.16f1 (049d6eca3c44)
[Subsystems] Discovering subsystems at path D:/Program Files/Unity/2020.3.16f1/Editor/Data/Resources/UnitySubsystems
[Subsystems] Discovering subsystems at path D:/Students/Samantha Parton/GitHub/Maze-Update/Maze/Assets
GfxDevice: creating device client; threaded=0
Direct3D:
    Version:  Direct3D 11.0 [level 11.1]
    Renderer: NVIDIA GeForce GTX 1080 (ID=0x1b80)
    Vendor:   
    VRAM:     8079 MB
    Driver:   30.0.14.7168
Shader 'Universal Render Pipeline/Particles/Lit': fallback shader 'Universal Render Pipeline/Particles/SimpleLit' not found
Initialize mono
Mono path[0] = 'D:/Program Files/Unity/2020.3.16f1/Editor/Data/Managed'
Mono path[1] = 'D:/Program Files/Unity/2020.3.16f1/Editor/Data/MonoBleedingEdge/lib/mono/unityjit'
Mono config path = 'D:/Program Files/Unity/2020.3.16f1/Editor/Data/MonoBleedingEdge/etc'
Using monoOptions --debugger-agent=transport=dt_socket,embedding=1,server=y,suspend=n,address=127.0.0.1:56456
Begin MonoManager ReloadAssembly
Registering precompiled unity dll's ...
Register platform support module: D:/Program Files/Unity/2020.3.16f1/Editor/Data/PlaybackEngines/WebGLSupport/UnityEditor.WebGL.Extensions.dll
Register platform support module: D:/Program Files/Unity/2020.3.16f1/Editor/Data/PlaybackEngines/WindowsStandaloneSupport/UnityEditor.WindowsStandalone.Extensions.dll
Registered in 0.003095 seconds.
Native extension for WindowsStandalone target not found
Native extension for WebGL target not found
Refreshing native plugins compatible for Editor in 57.25 ms, found 3 plugins.
Preloading 0 native plugins for Editor in 0.00 ms.
Mono: successfully reloaded assembly
- Completed reload, in  0.960 seconds
Domain Reload Profiling:
	ReloadAssembly (961ms)
		BeginReloadAssembly (87ms)
			ExecutionOrderSort (0ms)
			DisableScriptedObjects (0ms)
			BackupInstance (0ms)
			ReleaseScriptingObjects (0ms)
			CreateAndSetChildDomain (1ms)
		EndReloadAssembly (416ms)
			LoadAssemblies (94ms)
			RebuildTransferFunctionScriptingTraits (0ms)
			SetupTypeCache (137ms)
			ReleaseScriptCaches (0ms)
			RebuildScriptCaches (28ms)
			SetupLoadedEditorAssemblies (173ms)
				LogAssemblyErrors (0ms)
				InitializePlatformSupportModulesInManaged (3ms)
				SetLoadedEditorAssemblies (0ms)
				RefreshPlugins (57ms)
				BeforeProcessingInitializeOnLoad (15ms)
				ProcessInitializeOnLoadAttributes (69ms)
				ProcessInitializeOnLoadMethodAttributes (29ms)
				AfterProcessingInitializeOnLoad (0ms)
				EditorAssembliesLoaded (0ms)
			ExecutionOrderSort2 (0ms)
			AwakeInstancesAfterBackupRestoration (0ms)
Platform modules already initialized, skipping
Registering precompiled user dll's ...
Registered in 0.008546 seconds.
Begin MonoManager ReloadAssembly
Native extension for WindowsStandalone target not found
Native extension for WebGL target not found
Refreshing native plugins compatible for Editor in 73.40 ms, found 3 plugins.
Preloading 0 native plugins for Editor in 0.00 ms.
Mono: successfully reloaded assembly
- Completed reload, in  1.862 seconds
Domain Reload Profiling:
	ReloadAssembly (1867ms)
		BeginReloadAssembly (152ms)
			ExecutionOrderSort (0ms)
			DisableScriptedObjects (4ms)
			BackupInstance (0ms)
			ReleaseScriptingObjects (0ms)
			CreateAndSetChildDomain (20ms)
		EndReloadAssembly (1657ms)
			LoadAssemblies (413ms)
			RebuildTransferFunctionScriptingTraits (0ms)
			SetupTypeCache (401ms)
			ReleaseScriptCaches (1ms)
			RebuildScriptCaches (68ms)
			SetupLoadedEditorAssemblies (634ms)
				LogAssemblyErrors (0ms)
				InitializePlatformSupportModulesInManaged (5ms)
				SetLoadedEditorAssemblies (0ms)
				RefreshPlugins (73ms)
				BeforeProcessingInitializeOnLoad (102ms)
				ProcessInitializeOnLoadAttributes (444ms)
				ProcessInitializeOnLoadMethodAttributes (7ms)
				AfterProcessingInitializeOnLoad (2ms)
				EditorAssembliesLoaded (0ms)
			ExecutionOrderSort2 (0ms)
			AwakeInstancesAfterBackupRestoration (7ms)
Platform modules already initialized, skipping
========================================================================
Worker process is ready to serve import requests
Shader 'Universal Render Pipeline/Particles/Lit': fallback shader 'Universal Render Pipeline/Particles/SimpleLit' not found
Launched and connected shader compiler UnityShaderCompiler.exe after 0.06 seconds
Refreshing native plugins compatible for Editor in 0.67 ms, found 3 plugins.
Preloading 0 native plugins for Editor in 0.00 ms.
Unloading 3784 Unused Serialized files (Serialized files now loaded: 0)
System memory in use before: 165.3 MB.
System memory in use after: 165.6 MB.

Unloading 25 unused Assets to reduce memory usage. Loaded Objects now: 4222.
Total: 3.462600 ms (FindLiveObjects: 0.309500 ms CreateObjectMapping: 0.184600 ms MarkObjects: 2.893200 ms  DeleteObjects: 0.074200 ms)

AssetImportParameters requested are different than current active one (requested -> active):
  custom:framework-win-MediaFoundation: 216162199b28c13a410421893ffa2e32 -> 
  custom:video-decoder-ogg-theora: a1e56fd34408186e4bbccfd4996cb3dc -> 
  custom:container-muxer-webm: aa71ff27fc2769a1b78a27578f13a17b -> 
  custom:container-demuxer-webm: 4f35f7cbe854078d1ac9338744f61a02 -> 
  custom:container-demuxer-ogg: 62fdf1f143b41e24485cea50d1cbac27 -> 
  custom:video-encoder-webm-vp8: eb34c28f22e8b96e1ab97ce403110664 -> 
  custom:video-decoder-webm-vp8: 9c59270c3fd7afecdb556c50c9e8de78 -> 
  custom:audio-decoder-ogg-vorbis: bf7c407c2cedff20999df2af8eb42d56 -> 
  custom:audio-encoder-webm-vorbis: bf7c407c2cedff20999df2af8eb42d56 -> 
========================================================================
Received Import Request.
  path: Assets/Materials/Materials/Half wall 1.mat
  artifactKey: Guid(99fc7fb922aafd34995395df382a6187) Importer(815301076,1909f56bfc062723c751e8b465ee728b)
Start importing Assets/Materials/Materials/Half wall 1.mat using Guid(99fc7fb922aafd34995395df382a6187) Importer(815301076,1909f56bfc062723c751e8b465ee728b)  -> (artifact id: 'ec2499558fa00bed920f15c9ba831c53') in 0.288540 seconds 
  Import took 0.294048 seconds .

========================================================================
Received Import Request.
  Time since last request: 0.000291 seconds.
  path: Assets/Materials/Materials/Grid.mat
  artifactKey: Guid(fc6b860225a402d4bb3d6d1971e3a5ca) Importer(815301076,1909f56bfc062723c751e8b465ee728b)
Start importing Assets/Materials/Materials/Grid.mat using Guid(fc6b860225a402d4bb3d6d1971e3a5ca) Importer(815301076,1909f56bfc062723c751e8b465ee728b)  -> (artifact id: 'a141927bd08100ad0743a2934e65632f') in 0.023647 seconds 
  Import took 0.028844 seconds .

========================================================================
Received Import Request.
  Time since last request: 0.000281 seconds.
  path: Assets/Materials/Materials/Floor Tile.mat
  artifactKey: Guid(e416c6e82247eaa47a54ed8f33b970a9) Importer(815301076,1909f56bfc062723c751e8b465ee728b)
Start importing Assets/Materials/Materials/Floor Tile.mat using Guid(e416c6e82247eaa47a54ed8f33b970a9) Importer(815301076,1909f56bfc062723c751e8b465ee728b)  -> (artifact id: 'ed90425973a17dc3f255891bc96f8026') in 0.029268 seconds 
  Import took 0.035704 seconds .

========================================================================
Received Import Request.
  Time since last request: 0.000284 seconds.
  path: Assets/Materials/Materials/Half wall.mat
  artifactKey: Guid(2d2619e9497e59e4893011f3b4cd3b53) Importer(815301076,1909f56bfc062723c751e8b465ee728b)
Start importing Assets/Materials/Materials/Half wall.mat using Guid(2d2619e9497e59e4893011f3b4cd3b53) Importer(815301076,1909f56bfc062723c751e8b465ee728b)  -> (artifact id: 'de43ad90e33938600021bee922be9312') in 0.022510 seconds 
  Import took 0.030487 seconds .

========================================================================
Received Import Request.
  Time since last request: 0.000291 seconds.
  path: Assets/Materials/yutchg.fbx
  artifactKey: Guid(53edb5a481d31de4c821198b4654f245) Importer(815301076,1909f56bfc062723c751e8b465ee728b)
Start importing Assets/Materials/yutchg.fbx using Guid(53edb5a481d31de4c821198b4654f245) Importer(815301076,1909f56bfc062723c751e8b465ee728b)  -> (artifact id: '4b527b6ef89b5a587fdafa7367ee6b80') in 0.119138 seconds 
  Import took 0.124631 seconds .

========================================================================
Received Import Request.
  Time since last request: 0.000261 seconds.
  path: Assets/Materials/Materials/Wall Material.mat
  artifactKey: Guid(c4a16881f3011374699dda1fbdb370ca) Importer(815301076,1909f56bfc062723c751e8b465ee728b)
Start importing Assets/Materials/Materials/Wall Material.mat using Guid(c4a16881f3011374699dda1fbdb370ca) Importer(815301076,1909f56bfc062723c751e8b465ee728b)  -> (artifact id: 'de5e747cc98047353536cb0b10c49fcb') in 0.020825 seconds 
  Import took 0.026169 seconds .

========================================================================
Received Import Request.
  Time since last request: 0.000267 seconds.
  path: Assets/Materials/grass blade.fbx
  artifactKey: Guid(793c242dbdd8c674d82165f63f734068) Importer(815301076,1909f56bfc062723c751e8b465ee728b)
Start importing Assets/Materials/grass blade.fbx using Guid(793c242dbdd8c674d82165f63f734068) Importer(815301076,1909f56bfc062723c751e8b465ee728b)  -> (artifact id: 'b5809a298a18b1bc1f651cac75590a2c') in 0.042979 seconds 
  Import took 0.048143 seconds .

========================================================================
Received Import Request.
  Time since last request: 0.000215 seconds.
  path: Assets/Materials/Materials/red.mat
  artifactKey: Guid(263a4ab9860df0345bacbf0ed0e0a3f1) Importer(815301076,1909f56bfc062723c751e8b465ee728b)
Start importing Assets/Materials/Materials/red.mat using Guid(263a4ab9860df0345bacbf0ed0e0a3f1) Importer(815301076,1909f56bfc062723c751e8b465ee728b)  -> (artifact id: 'a6e79580ab597d12b2b3eb4fbafca32c') in 0.019047 seconds 
  Import took 0.024421 seconds .

========================================================================
Received Import Request.
  Time since last request: 0.000244 seconds.
  path: Assets/Materials/graz.fbx
  artifactKey: Guid(608b6f7dccaef044590cfdd0b4406f40) Importer(815301076,1909f56bfc062723c751e8b465ee728b)
Start importing Assets/Materials/graz.fbx using Guid(608b6f7dccaef044590cfdd0b4406f40) Importer(815301076,1909f56bfc062723c751e8b465ee728b)  -> (artifact id: '2e058a7624abc6cf94ecb1c6932c60d8') in 0.025067 seconds 
  Import took 0.030727 seconds .

========================================================================
Received Import Request.
  Time since last request: 226.015614 seconds.
  path: ProjectSettings/TagManager.asset
  artifactKey: Guid(00000000000000003000000000000000) Importer(815301076,1909f56bfc062723c751e8b465ee728b)
Start importing ProjectSettings/TagManager.asset using Guid(00000000000000003000000000000000) Importer(815301076,1909f56bfc062723c751e8b465ee728b)  -> (artifact id: '33ccdd30e8ff844fa2ab3ee0c38a405f') in 0.012046 seconds 
  Import took 0.018569 seconds .

========================================================================
Received Import Request.
  Time since last request: 47.690891 seconds.
  path: Assets/Prefabs/Remove Wall 1.prefab
  artifactKey: Guid(9408d773a5832b14f8a1f71b783d02ec) Importer(815301076,1909f56bfc062723c751e8b465ee728b)
Start importing Assets/Prefabs/Remove Wall 1.prefab using Guid(9408d773a5832b14f8a1f71b783d02ec) Importer(815301076,1909f56bfc062723c751e8b465ee728b)  -> (artifact id: 'e76cef211f14e2fbb6cde55f703bfb99') in 0.016669 seconds 
  Import took 0.022299 seconds .

========================================================================
Received Import Request.
  Time since last request: 285.679088 seconds.
  path: Assets/Materials/Materials/Floor Tile.mat
  artifactKey: Guid(e416c6e82247eaa47a54ed8f33b970a9) Importer(815301076,1909f56bfc062723c751e8b465ee728b)
Start importing Assets/Materials/Materials/Floor Tile.mat using Guid(e416c6e82247eaa47a54ed8f33b970a9) Importer(815301076,1909f56bfc062723c751e8b465ee728b)  -> (artifact id: 'dd1232e524a18e4cccd864ef9c1b7b2a') in 0.024292 seconds 
  Import took 0.030950 seconds .

========================================================================
Received Import Request.
  Time since last request: 780.485706 seconds.
  path: ProjectSettings/TagManager.asset
  artifactKey: Guid(00000000000000003000000000000000) Importer(815301076,1909f56bfc062723c751e8b465ee728b)
Start importing ProjectSettings/TagManager.asset using Guid(00000000000000003000000000000000) Importer(815301076,1909f56bfc062723c751e8b465ee728b)  -> (artifact id: 'cd9d46921a865436b8d22e19f547398a') in 0.007985 seconds 
  Import took 0.014619 seconds .

========================================================================
Received Prepare
Registering precompiled user dll's ...
Registered in 0.008639 seconds.
Begin MonoManager ReloadAssembly
Native extension for WindowsStandalone target not found
Native extension for WebGL target not found
Refreshing native plugins compatible for Editor in 0.65 ms, found 3 plugins.
Preloading 0 native plugins for Editor in 0.00 ms.
Mono: successfully reloaded assembly
- Completed reload, in  1.779 seconds
Domain Reload Profiling:
	ReloadAssembly (1780ms)
		BeginReloadAssembly (357ms)
			ExecutionOrderSort (0ms)
			DisableScriptedObjects (6ms)
			BackupInstance (0ms)
			ReleaseScriptingObjects (0ms)
			CreateAndSetChildDomain (40ms)
		EndReloadAssembly (1373ms)
			LoadAssemblies (374ms)
			RebuildTransferFunctionScriptingTraits (0ms)
			SetupTypeCache (331ms)
			ReleaseScriptCaches (1ms)
			RebuildScriptCaches (40ms)
			SetupLoadedEditorAssemblies (440ms)
				LogAssemblyErrors (0ms)
				InitializePlatformSupportModulesInManaged (4ms)
				SetLoadedEditorAssemblies (0ms)
				RefreshPlugins (1ms)
				BeforeProcessingInitializeOnLoad (77ms)
				ProcessInitializeOnLoadAttributes (350ms)
				ProcessInitializeOnLoadMethodAttributes (5ms)
				AfterProcessingInitializeOnLoad (2ms)
				EditorAssembliesLoaded (0ms)
			ExecutionOrderSort2 (0ms)
			AwakeInstancesAfterBackupRestoration (15ms)
Platform modules already initialized, skipping
Shader 'Universal Render Pipeline/Particles/Lit': fallback shader 'Universal Render Pipeline/Particles/SimpleLit' not found
Refreshing native plugins compatible for Editor in 0.63 ms, found 3 plugins.
Preloading 0 native plugins for Editor in 0.00 ms.
Unloading 3646 Unused Serialized files (Serialized files now loaded: 0)
System memory in use before: 174.8 MB.
System memory in use after: 175.1 MB.

Unloading 20 unused Assets to reduce memory usage. Loaded Objects now: 4306.
Total: 3.409400 ms (FindLiveObjects: 0.300800 ms CreateObjectMapping: 0.172800 ms MarkObjects: 2.909200 ms  DeleteObjects: 0.025600 ms)

AssetImportParameters requested are different than current active one (requested -> active):
  custom:framework-win-MediaFoundation: 216162199b28c13a410421893ffa2e32 -> 
  custom:video-decoder-ogg-theora: a1e56fd34408186e4bbccfd4996cb3dc -> 
  custom:container-muxer-webm: aa71ff27fc2769a1b78a27578f13a17b -> 
  custom:container-demuxer-webm: 4f35f7cbe854078d1ac9338744f61a02 -> 
  custom:container-demuxer-ogg: 62fdf1f143b41e24485cea50d1cbac27 -> 
  custom:video-encoder-webm-vp8: eb34c28f22e8b96e1ab97ce403110664 -> 
  custom:video-decoder-webm-vp8: 9c59270c3fd7afecdb556c50c9e8de78 -> 
  custom:audio-decoder-ogg-vorbis: bf7c407c2cedff20999df2af8eb42d56 -> 
  custom:audio-encoder-webm-vorbis: bf7c407c2cedff20999df2af8eb42d56 -> 
